<?xml version="1.0" encoding="UTF-8"?>
<!-- Generated by org.testng.reporters.JUnitReportReporter -->
<testsuite hostname="USMUMSAMJAIN01" failures="0" tests="2" name="Annotataions.TestNGAnnotations" time="0.006" errors="0" timestamp="09 Dec 2023 07:26:31 GMT" skipped="0">
  <testcase classname="Annotataions.TestNGAnnotations" name="serachTest" time="0.004"/>
  <testcase classname="Annotataions.TestNGAnnotations" name="serachPatient" time="0.002"/>
</testsuite> <!-- Annotataions.TestNGAnnotations -->
