<?xml version="1.0" encoding="UTF-8"?>
<!-- Generated by org.testng.reporters.JUnitReportReporter -->
<testsuite hostname="USMUMSAMJAIN01" failures="0" tests="7" name="Annotataions.PriorityConcept" time="0.017" errors="0" timestamp="05 Nov 2023 09:36:18 GMT" skipped="0">
  <testcase classname="Annotataions.PriorityConcept" name="c_test" time="0.008"/>
  <testcase classname="Annotataions.PriorityConcept" name="d_test" time="0.001"/>
  <testcase classname="Annotataions.PriorityConcept" name="serachTest" time="0.002"/>
  <testcase classname="Annotataions.PriorityConcept" name="paymentTest" time="0.002"/>
  <testcase classname="Annotataions.PriorityConcept" name="addToCartTest" time="0.002"/>
  <testcase classname="Annotataions.PriorityConcept" name="b_test" time="0.001"/>
  <testcase classname="Annotataions.PriorityConcept" name="a_test" time="0.001"/>
</testsuite> <!-- Annotataions.PriorityConcept -->
