<?xml version="1.0" encoding="UTF-8"?>
<!-- Generated by org.testng.reporters.JUnitReportReporter -->
<testsuite hostname="USMUMSAMJAIN01" failures="0" tests="2" name="Annotataions.TestNGAnnotations" time="0.007" errors="0" timestamp="05 Nov 2023 17:42:07 GMT" skipped="0">
  <testcase classname="Annotataions.TestNGAnnotations" name="serachTest" time="0.006"/>
  <testcase classname="Annotataions.TestNGAnnotations" name="serachPatient" time="0.001"/>
</testsuite> <!-- Annotataions.TestNGAnnotations -->
