<?xml version="1.0" encoding="UTF-8"?>
<!-- Generated by org.testng.reporters.JUnitReportReporter -->
<testsuite hostname="DESKTOP-6OIHPMP" failures="0" tests="3" name="TestNgExamples.Sample3" time="0.012" errors="0" timestamp="2024-02-15T18:25:58 IST" skipped="0">
  <testcase classname="TestNgExamples.Sample3" name="m3" time="0.002"/>
  <system-out/>
  <testcase classname="TestNgExamples.Sample3" name="m1" time="0.009"/>
  <system-out/>
  <testcase classname="TestNgExamples.Sample3" name="m2" time="0.001"/>
  <system-out/>
</testsuite> <!-- TestNgExamples.Sample3 -->
