<?xml version="1.0" encoding="UTF-8"?>
<!-- Generated by org.testng.reporters.JUnitReportReporter -->
<testsuite hostname="DESKTOP-6OIHPMP" failures="0" tests="3" name="TestNgExamples.Sample2" time="0.011" errors="0" timestamp="2024-02-15T17:53:14 IST" skipped="0">
  <testcase classname="TestNgExamples.Sample2" name="m4" time="0.007"/>
  <system-out/>
  <testcase classname="TestNgExamples.Sample2" name="m6" time="0.003"/>
  <system-out/>
  <testcase classname="TestNgExamples.Sample2" name="m5" time="0.001"/>
  <system-out/>
</testsuite> <!-- TestNgExamples.Sample2 -->
