<?xml version="1.0" encoding="UTF-8"?>
<!-- Generated by org.testng.reporters.JUnitReportReporter -->
<testsuite hostname="USMUMSAMJAIN01" failures="0" tests="7" name="Annotataions.PriorityConcept" time="0.018" errors="0" timestamp="09 Dec 2023 07:33:33 GMT" skipped="0">
  <testcase classname="Annotataions.PriorityConcept" name="ac_test" time="0.010"/>
  <testcase classname="Annotataions.PriorityConcept" name="acd_test" time="0.001"/>
  <testcase classname="Annotataions.PriorityConcept" name="serachTest" time="0.002"/>
  <testcase classname="Annotataions.PriorityConcept" name="paymentTest" time="0.001"/>
  <testcase classname="Annotataions.PriorityConcept" name="addToCartTest" time="0.001"/>
  <testcase classname="Annotataions.PriorityConcept" name="a_test" time="0.002"/>
  <testcase classname="Annotataions.PriorityConcept" name="b_test" time="0.001"/>
</testsuite> <!-- Annotataions.PriorityConcept -->
