<?xml version="1.0" encoding="UTF-8"?>
<!-- Generated by org.testng.reporters.JUnitReportReporter -->
<testsuite hostname="DESKTOP-6OIHPMP" failures="0" tests="3" name="TestNgExamples.Sample1" time="0.007" errors="0" timestamp="2024-02-15T17:53:14 IST" skipped="0">
  <testcase classname="TestNgExamples.Sample1" name="m1" time="0.003"/>
  <system-out/>
  <testcase classname="TestNgExamples.Sample1" name="m2" time="0.002"/>
  <system-out/>
  <testcase classname="TestNgExamples.Sample1" name="m3" time="0.002"/>
  <system-out/>
</testsuite> <!-- TestNgExamples.Sample1 -->
