<?xml version="1.0" encoding="UTF-8"?>
<!-- Generated by org.testng.reporters.JUnitReportReporter -->
<testsuite hostname="USMUMSAMJAIN01" failures="0" tests="2" name="Annotataions.GroupingExample" time="0.012" errors="0" timestamp="2024-01-18T13:57:36 IST" skipped="0">
  <testcase classname="Annotataions.GroupingExample" name="test1" time="0.010"/>
  <testcase classname="Annotataions.GroupingExample" name="test2" time="0.002"/>
</testsuite> <!-- Annotataions.GroupingExample -->
