<?xml version="1.0" encoding="UTF-8"?>
<!-- Generated by org.testng.reporters.JUnitReportReporter -->
<testsuite hostname="USMUMSAMJAIN01" failures="0" tests="10" name="Annotataions.InvocationCountTest" time="0.023" errors="0" timestamp="05 Nov 2023 17:24:45 GMT" skipped="0">
  <testcase classname="Annotataions.InvocationCountTest" name="loginTest" time="0.001"/>
  <testcase classname="Annotataions.InvocationCountTest" name="loginTest" time="0.002"/>
  <testcase classname="Annotataions.InvocationCountTest" name="loginTest" time="0.001"/>
  <testcase classname="Annotataions.InvocationCountTest" name="loginTest" time="0.002"/>
  <testcase classname="Annotataions.InvocationCountTest" name="loginTest" time="0.009"/>
  <testcase classname="Annotataions.InvocationCountTest" name="loginTest" time="0.001"/>
  <testcase classname="Annotataions.InvocationCountTest" name="loginTest" time="0.002"/>
  <testcase classname="Annotataions.InvocationCountTest" name="loginTest" time="0.002"/>
  <testcase classname="Annotataions.InvocationCountTest" name="loginTest" time="0.001"/>
  <testcase classname="Annotataions.InvocationCountTest" name="loginTest" time="0.002"/>
</testsuite> <!-- Annotataions.InvocationCountTest -->
