<?xml version="1.0" encoding="UTF-8"?>
<!-- Generated by org.testng.reporters.JUnitReportReporter -->
<testsuite hostname="USMUMSAMJAIN01" failures="0" tests="1" name="SeleniumSession.ExtentReport" time="9.784" errors="0" timestamp="2024-01-13T21:13:48 IST" skipped="0">
  <testcase classname="SeleniumSession.ExtentReport" name="extentTest" time="9.784"/>
</testsuite> <!-- SeleniumSession.ExtentReport -->
