<?xml version="1.0" encoding="UTF-8"?>
<!-- Generated by org.testng.reporters.JUnitReportReporter -->
<testsuite hostname="DESKTOP-6OIHPMP" failures="0" tests="2" name="TestNgExamples.DPDemo" time="0.006" errors="0" timestamp="2024-02-15T15:40:14 IST" skipped="0">
  <testcase classname="TestNgExamples.DPDemo" name="sampleTest" time="0.000"/>
  <system-out/>
  <testcase classname="TestNgExamples.DPDemo" name="sampleTest" time="0.006"/>
  <system-out/>
</testsuite> <!-- TestNgExamples.DPDemo -->
