<?xml version="1.0" encoding="UTF-8"?>
<!-- Generated by org.testng.reporters.JUnitReportReporter -->
<testsuite hostname="DESKTOP-6OIHPMP" failures="0" tests="3" name="TestNgExamples.Sample4" time="0.012" errors="0" timestamp="2024-02-15T18:25:58 IST" skipped="0">
  <testcase classname="TestNgExamples.Sample4" name="m4" time="0.009"/>
  <system-out/>
  <testcase classname="TestNgExamples.Sample4" name="m5" time="0.002"/>
  <system-out/>
  <testcase classname="TestNgExamples.Sample4" name="m6" time="0.001"/>
  <system-out/>
</testsuite> <!-- TestNgExamples.Sample4 -->
